   1              		.syntax unified
   2              		.cpu cortex-m4
   3              		.eabi_attribute 27, 3
   4              		.eabi_attribute 28, 1
   5              		.fpu fpv4-sp-d16
   6              		.eabi_attribute 20, 1
   7              		.eabi_attribute 21, 1
   8              		.eabi_attribute 23, 3
   9              		.eabi_attribute 24, 1
  10              		.eabi_attribute 25, 1
  11              		.eabi_attribute 26, 1
  12              		.eabi_attribute 30, 4
  13              		.eabi_attribute 34, 1
  14              		.eabi_attribute 18, 4
  15              		.thumb
  16              		.file	"stm32f3_sysmem.c"
  17              		.text
  18              	.Ltext0:
  19              		.cfi_sections	.debug_frame
  20              		.section	.text._sbrk,"ax",%progbits
  21              		.align	1
  22              		.global	_sbrk
  23              		.thumb
  24              		.thumb_func
  26              	_sbrk:
  27              	.LFB0:
  28              		.file 1 ".././hal/stm32f3/stm32f3_sysmem.c"
   1:.././hal/stm32f3/stm32f3_sysmem.c **** /**
   2:.././hal/stm32f3/stm32f3_sysmem.c **** *****************************************************************************
   3:.././hal/stm32f3/stm32f3_sysmem.c **** **
   4:.././hal/stm32f3/stm32f3_sysmem.c **** **  File        : sysmem.c
   5:.././hal/stm32f3/stm32f3_sysmem.c **** **
   6:.././hal/stm32f3/stm32f3_sysmem.c **** **  Author	    : Ac6
   7:.././hal/stm32f3/stm32f3_sysmem.c **** **
   8:.././hal/stm32f3/stm32f3_sysmem.c **** **  Abstract    : System Workbench Minimal System Memory calls file
   9:.././hal/stm32f3/stm32f3_sysmem.c **** **
  10:.././hal/stm32f3/stm32f3_sysmem.c **** ** 		          For more information about which c-functions
  11:.././hal/stm32f3/stm32f3_sysmem.c **** **                need which of these lowlevel functions
  12:.././hal/stm32f3/stm32f3_sysmem.c **** **                please consult the Newlib libc-manual
  13:.././hal/stm32f3/stm32f3_sysmem.c **** **
  14:.././hal/stm32f3/stm32f3_sysmem.c **** **  Environment : System Workbench for MCU
  15:.././hal/stm32f3/stm32f3_sysmem.c **** **
  16:.././hal/stm32f3/stm32f3_sysmem.c **** **  Distribution: The file is distributed “as is,” without any warranty
  17:.././hal/stm32f3/stm32f3_sysmem.c **** **                of any kind.
  18:.././hal/stm32f3/stm32f3_sysmem.c **** **
  19:.././hal/stm32f3/stm32f3_sysmem.c **** *****************************************************************************
  20:.././hal/stm32f3/stm32f3_sysmem.c **** **
  21:.././hal/stm32f3/stm32f3_sysmem.c **** ** <h2><center>&copy; COPYRIGHT(c) 2014 Ac6</center></h2>
  22:.././hal/stm32f3/stm32f3_sysmem.c **** **
  23:.././hal/stm32f3/stm32f3_sysmem.c **** ** Redistribution and use in source and binary forms, with or without modification,
  24:.././hal/stm32f3/stm32f3_sysmem.c **** ** are permitted provided that the following conditions are met:
  25:.././hal/stm32f3/stm32f3_sysmem.c **** **   1. Redistributions of source code must retain the above copyright notice,
  26:.././hal/stm32f3/stm32f3_sysmem.c **** **      this list of conditions and the following disclaimer.
  27:.././hal/stm32f3/stm32f3_sysmem.c **** **   2. Redistributions in binary form must reproduce the above copyright notice,
  28:.././hal/stm32f3/stm32f3_sysmem.c **** **      this list of conditions and the following disclaimer in the documentation
  29:.././hal/stm32f3/stm32f3_sysmem.c **** **      and/or other materials provided with the distribution.
  30:.././hal/stm32f3/stm32f3_sysmem.c **** **   3. Neither the name of Ac6 nor the names of its contributors
  31:.././hal/stm32f3/stm32f3_sysmem.c **** **      may be used to endorse or promote products derived from this software
  32:.././hal/stm32f3/stm32f3_sysmem.c **** **      without specific prior written permission.
  33:.././hal/stm32f3/stm32f3_sysmem.c **** **
  34:.././hal/stm32f3/stm32f3_sysmem.c **** ** THIS SOFTWARE IS PROVIDED BY THE COPYRIGHT HOLDERS AND CONTRIBUTORS "AS IS"
  35:.././hal/stm32f3/stm32f3_sysmem.c **** ** AND ANY EXPRESS OR IMPLIED WARRANTIES, INCLUDING, BUT NOT LIMITED TO, THE
  36:.././hal/stm32f3/stm32f3_sysmem.c **** ** IMPLIED WARRANTIES OF MERCHANTABILITY AND FITNESS FOR A PARTICULAR PURPOSE ARE
  37:.././hal/stm32f3/stm32f3_sysmem.c **** ** DISCLAIMED. IN NO EVENT SHALL THE COPYRIGHT HOLDER OR CONTRIBUTORS BE LIABLE
  38:.././hal/stm32f3/stm32f3_sysmem.c **** ** FOR ANY DIRECT, INDIRECT, INCIDENTAL, SPECIAL, EXEMPLARY, OR CONSEQUENTIAL
  39:.././hal/stm32f3/stm32f3_sysmem.c **** ** DAMAGES (INCLUDING, BUT NOT LIMITED TO, PROCUREMENT OF SUBSTITUTE GOODS OR
  40:.././hal/stm32f3/stm32f3_sysmem.c **** ** SERVICES; LOSS OF USE, DATA, OR PROFITS; OR BUSINESS INTERRUPTION) HOWEVER
  41:.././hal/stm32f3/stm32f3_sysmem.c **** ** CAUSED AND ON ANY THEORY OF LIABILITY, WHETHER IN CONTRACT, STRICT LIABILITY,
  42:.././hal/stm32f3/stm32f3_sysmem.c **** ** OR TORT (INCLUDING NEGLIGENCE OR OTHERWISE) ARISING IN ANY WAY OUT OF THE USE
  43:.././hal/stm32f3/stm32f3_sysmem.c **** ** OF THIS SOFTWARE, EVEN IF ADVISED OF THE POSSIBILITY OF SUCH DAMAGE.
  44:.././hal/stm32f3/stm32f3_sysmem.c **** **
  45:.././hal/stm32f3/stm32f3_sysmem.c **** *****************************************************************************
  46:.././hal/stm32f3/stm32f3_sysmem.c **** */
  47:.././hal/stm32f3/stm32f3_sysmem.c **** 
  48:.././hal/stm32f3/stm32f3_sysmem.c **** /* Includes */
  49:.././hal/stm32f3/stm32f3_sysmem.c **** #include <errno.h>
  50:.././hal/stm32f3/stm32f3_sysmem.c **** #include <stdio.h>
  51:.././hal/stm32f3/stm32f3_sysmem.c **** 
  52:.././hal/stm32f3/stm32f3_sysmem.c **** /* Variables */
  53:.././hal/stm32f3/stm32f3_sysmem.c **** //Uncomment following if needed - commented out for now as not used and causes warning
  54:.././hal/stm32f3/stm32f3_sysmem.c **** //extern int errno;
  55:.././hal/stm32f3/stm32f3_sysmem.c **** register char * stack_ptr asm("sp");
  56:.././hal/stm32f3/stm32f3_sysmem.c **** 
  57:.././hal/stm32f3/stm32f3_sysmem.c **** /* Functions */
  58:.././hal/stm32f3/stm32f3_sysmem.c **** 
  59:.././hal/stm32f3/stm32f3_sysmem.c **** /**
  60:.././hal/stm32f3/stm32f3_sysmem.c ****  _sbrk
  61:.././hal/stm32f3/stm32f3_sysmem.c ****  Increase program data space. Malloc and related functions depend on this
  62:.././hal/stm32f3/stm32f3_sysmem.c **** **/
  63:.././hal/stm32f3/stm32f3_sysmem.c **** caddr_t _sbrk(int incr)
  64:.././hal/stm32f3/stm32f3_sysmem.c **** {
  29              		.loc 1 64 0
  30              		.cfi_startproc
  31              		@ args = 0, pretend = 0, frame = 0
  32              		@ frame_needed = 0, uses_anonymous_args = 0
  33              	.LVL0:
  34 0000 08B5     		push	{r3, lr}
  35              	.LCFI0:
  36              		.cfi_def_cfa_offset 8
  37              		.cfi_offset 3, -8
  38              		.cfi_offset 14, -4
  65:.././hal/stm32f3/stm32f3_sysmem.c **** 	extern char end asm("end");
  66:.././hal/stm32f3/stm32f3_sysmem.c **** 	static char *heap_end;
  67:.././hal/stm32f3/stm32f3_sysmem.c **** 	char *prev_heap_end;
  68:.././hal/stm32f3/stm32f3_sysmem.c **** 
  69:.././hal/stm32f3/stm32f3_sysmem.c **** 	if (heap_end == 0)
  39              		.loc 1 69 0
  40 0002 0A4B     		ldr	r3, .L6
  41 0004 1A68     		ldr	r2, [r3]
  42 0006 0AB9     		cbnz	r2, .L2
  70:.././hal/stm32f3/stm32f3_sysmem.c **** 		heap_end = &end;
  43              		.loc 1 70 0
  44 0008 094A     		ldr	r2, .L6+4
  45 000a 1A60     		str	r2, [r3]
  46              	.L2:
  71:.././hal/stm32f3/stm32f3_sysmem.c **** 
  72:.././hal/stm32f3/stm32f3_sysmem.c **** 	prev_heap_end = heap_end;
  47              		.loc 1 72 0
  48 000c 1B68     		ldr	r3, [r3]
  49              	.LVL1:
  73:.././hal/stm32f3/stm32f3_sysmem.c **** 	if (heap_end + incr > stack_ptr)
  50              		.loc 1 73 0
  51 000e 6A46     		mov	r2, sp
  52 0010 1844     		add	r0, r0, r3
  53              	.LVL2:
  54 0012 9042     		cmp	r0, r2
  55 0014 06D9     		bls	.L3
  74:.././hal/stm32f3/stm32f3_sysmem.c **** 	{
  75:.././hal/stm32f3/stm32f3_sysmem.c **** 		errno = ENOMEM;
  56              		.loc 1 75 0
  57 0016 FFF7FEFF 		bl	__errno
  58              	.LVL3:
  59 001a 0C23     		movs	r3, #12
  60 001c 0360     		str	r3, [r0]
  76:.././hal/stm32f3/stm32f3_sysmem.c **** 		return (caddr_t) -1;
  61              		.loc 1 76 0
  62 001e 4FF0FF30 		mov	r0, #-1
  63 0022 08BD     		pop	{r3, pc}
  64              	.LVL4:
  65              	.L3:
  77:.././hal/stm32f3/stm32f3_sysmem.c **** 	}
  78:.././hal/stm32f3/stm32f3_sysmem.c **** 
  79:.././hal/stm32f3/stm32f3_sysmem.c **** 	heap_end += incr;
  66              		.loc 1 79 0
  67 0024 014A     		ldr	r2, .L6
  68 0026 1060     		str	r0, [r2]
  80:.././hal/stm32f3/stm32f3_sysmem.c **** 
  81:.././hal/stm32f3/stm32f3_sysmem.c **** 	return (caddr_t) prev_heap_end;
  69              		.loc 1 81 0
  70 0028 1846     		mov	r0, r3
  82:.././hal/stm32f3/stm32f3_sysmem.c **** }
  71              		.loc 1 82 0
  72 002a 08BD     		pop	{r3, pc}
  73              	.LVL5:
  74              	.L7:
  75              		.align	2
  76              	.L6:
  77 002c 00000000 		.word	.LANCHOR0
  78 0030 00000000 		.word	end
  79              		.cfi_endproc
  80              	.LFE0:
  82              		.bss
  83              		.align	2
  84              		.set	.LANCHOR0,. + 0
  87              	heap_end.4972:
  88 0000 00000000 		.space	4
  89              		.text
  90              	.Letext0:
  91              		.file 2 "/usr/include/newlib/sys/types.h"
  92              		.file 3 "/usr/include/newlib/sys/errno.h"
DEFINED SYMBOLS
                            *ABS*:00000000 stm32f3_sysmem.c
     /tmp/ccF8tnTp.s:21     .text._sbrk:00000000 $t
     /tmp/ccF8tnTp.s:26     .text._sbrk:00000000 _sbrk
     /tmp/ccF8tnTp.s:77     .text._sbrk:0000002c $d
     /tmp/ccF8tnTp.s:83     .bss:00000000 $d
     /tmp/ccF8tnTp.s:87     .bss:00000000 heap_end.4972
                     .debug_frame:00000010 $d

UNDEFINED SYMBOLS
__errno
end
